This is pdfTeX, Version 3.14159265-2.6-1.40.20 (TeX Live 2019/Debian) (preloaded format=pdflatex 2019.12.18)  26 DEC 2019 10:32
entering extended mode
 restricted \write18 enabled.
 %&-line parsing enabled.
**\nonstopmode\def\NoWatermarkExterne{1}\def\NoHyperRef{1}\def\CorrigeIndivExte
rne{1}\input{"source.tex"}
(./source.tex (/usr/share/texlive/texmf-dist/tex/latex/base/article.cls
Document Class: article 2018/09/03 v1.4i Standard LaTeX document class
(/usr/share/texlive/texmf-dist/tex/latex/base/size12.clo
File: size12.clo 2018/09/03 v1.4i Standard LaTeX file (size option)
)
\c@part=\count80
\c@section=\count81
\c@subsection=\count82
\c@subsubsection=\count83
\c@paragraph=\count84
\c@subparagraph=\count85
\c@figure=\count86
\c@table=\count87
\abovecaptionskip=\skip41
\belowcaptionskip=\skip42
\bibindent=\dimen102
)
(/usr/share/texlive/texmf-dist/tex/latex/base/inputenc.sty
Package: inputenc 2018/08/11 v1.3c Input encoding file
\inpenc@prehook=\toks14
\inpenc@posthook=\toks15

(/usr/share/texlive/texmf-dist/tex/latex/ucs/utf8x.def
File: utf8x.def 2004/10/17 UCS: Input encoding UTF-8
))
(/usr/share/texlive/texmf-dist/tex/latex/ucs/ucs.sty
Package: ucs 2013/05/11 v2.2 UCS: Unicode input support

(/usr/share/texlive/texmf-dist/tex/latex/ucs/data/uni-global.def
File: uni-global.def 2013/05/13 UCS: Unicode global data
)
\uc@secondtry=\count88
\uc@combtoks=\toks16
\uc@combtoksb=\toks17
\uc@temptokena=\toks18
)
(/usr/share/texlive/texmf-dist/tex/latex/base/fontenc.sty
Package: fontenc 2018/08/11 v2.0j Standard LaTeX package

(/usr/share/texlive/texmf-dist/tex/latex/base/t1enc.def
File: t1enc.def 2018/08/11 v2.0j Standard LaTeX file
LaTeX Font Info:    Redeclaring font encoding T1 on input line 48.
))
(/usr/share/texmf/tex/latex/AMC/automultiplechoice.sty
AMC version: 2018/12/29 v1.4.0 r:c6041a1
Package: automultiplechoice 2018/12/29 v1.4.0 r:c6041a1
(/usr/share/texlive/texmf-dist/tex/latex/xcolor/xcolor.sty
Package: xcolor 2016/05/11 v2.12 LaTeX color extensions (UK)

(/usr/share/texlive/texmf-dist/tex/latex/graphics-cfg/color.cfg
File: color.cfg 2016/01/02 v1.6 sample color configuration
)
Package xcolor Info: Driver file: pdftex.def on input line 225.

(/usr/share/texlive/texmf-dist/tex/latex/graphics-def/pdftex.def
File: pdftex.def 2018/01/08 v1.0l Graphics/color driver for pdftex
)
Package xcolor Info: Model `cmy' substituted by `cmy0' on input line 1348.
Package xcolor Info: Model `hsb' substituted by `rgb' on input line 1352.
Package xcolor Info: Model `RGB' extended on input line 1364.
Package xcolor Info: Model `HTML' substituted by `rgb' on input line 1366.
Package xcolor Info: Model `Hsb' substituted by `hsb' on input line 1367.
Package xcolor Info: Model `tHsb' substituted by `hsb' on input line 1368.
Package xcolor Info: Model `HSB' substituted by `hsb' on input line 1369.
Package xcolor Info: Model `Gray' substituted by `gray' on input line 1370.
Package xcolor Info: Model `wave' substituted by `hsb' on input line 1371.
)
(/usr/share/texlive/texmf-dist/tex/latex/fancyhdr/fancyhdr.sty
Package: fancyhdr 2019/01/31 v3.10 Extensive control of page headers and footer
s
\f@nch@headwidth=\skip43
\f@nch@O@elh=\skip44
\f@nch@O@erh=\skip45
\f@nch@O@olh=\skip46
\f@nch@O@orh=\skip47
\f@nch@O@elf=\skip48
\f@nch@O@erf=\skip49
\f@nch@O@olf=\skip50
\f@nch@O@orf=\skip51
)
(/usr/share/texlive/texmf-dist/tex/latex/bophook/bophook.sty
Package: bophook 2001/03/29 v0.02 beginning-of-page hook, K. Tinnefeld
)
(/usr/share/texlive/texmf-dist/tex/latex/xkeyval/xkeyval.sty
Package: xkeyval 2014/12/03 v2.7a package option processing (HA)

(/usr/share/texlive/texmf-dist/tex/generic/xkeyval/xkeyval.tex
(/usr/share/texlive/texmf-dist/tex/generic/xkeyval/xkvutils.tex
\XKV@toks=\toks19
\XKV@tempa@toks=\toks20

(/usr/share/texlive/texmf-dist/tex/generic/xkeyval/keyval.tex))
\XKV@depth=\count89
File: xkeyval.tex 2014/12/03 v2.7a key=value parser (HA)
))
(/usr/share/texlive/texmf-dist/tex/latex/graphics/rotating.sty
Package: rotating 2016/08/11 v2.16d rotated objects in LaTeX

(/usr/share/texlive/texmf-dist/tex/latex/graphics/graphicx.sty
Package: graphicx 2017/06/01 v1.1a Enhanced LaTeX Graphics (DPC,SPQR)

(/usr/share/texlive/texmf-dist/tex/latex/graphics/graphics.sty
Package: graphics 2017/06/25 v1.2c Standard LaTeX Graphics (DPC,SPQR)

(/usr/share/texlive/texmf-dist/tex/latex/graphics/trig.sty
Package: trig 2016/01/03 v1.10 sin cos tan (DPC)
)
(/usr/share/texlive/texmf-dist/tex/latex/graphics-cfg/graphics.cfg
File: graphics.cfg 2016/06/04 v1.11 sample graphics configuration
)
Package graphics Info: Driver file: pdftex.def on input line 99.
)
\Gin@req@height=\dimen103
\Gin@req@width=\dimen104
)
(/usr/share/texlive/texmf-dist/tex/latex/base/ifthen.sty
Package: ifthen 2014/09/29 v1.1c Standard LaTeX ifthen package (DPC)
)
\c@r@tfl@t=\count90
\rotFPtop=\skip52
\rotFPbot=\skip53
\rot@float@box=\box27
\rot@mess@toks=\toks21
)
(/usr/share/texlive/texmf-dist/tex/latex/fancybox/fancybox.sty
Package: fancybox 2010/05/15 1.4

Style option: `fancybox' v1.4 <2010/05/15> (tvz)
\@fancybox=\box28
\shadowsize=\dimen105
\@Sbox=\box29
\do@VerbBox=\toks22
\the@fancyput=\toks23
\this@fancyput=\toks24
\EndVerbatimTokens=\toks25
\Verbatim@Outfile=\write3
\Verbatim@Infile=\read1
) (/usr/share/texlive/texmf-dist/tex/latex/l3kernel/expl3.sty
Package: expl3 2019-07-01 L3 programming layer (loader) 

(/usr/share/texlive/texmf-dist/tex/latex/l3kernel/expl3-code.tex
Package: expl3 2019-07-01 L3 programming layer (code)
\c_max_int=\count91
\l_tmpa_int=\count92
\l_tmpb_int=\count93
\g_tmpa_int=\count94
\g_tmpb_int=\count95
\g__kernel_prg_map_int=\count96
\c__ior_term_ior=\count97
\c_log_iow=\count98
\l_iow_line_count_int=\count99
\l__iow_line_target_int=\count100
\l__iow_one_indent_int=\count101
\l__iow_indent_int=\count102
\c_zero_dim=\dimen106
\c_max_dim=\dimen107
\l_tmpa_dim=\dimen108
\l_tmpb_dim=\dimen109
\g_tmpa_dim=\dimen110
\g_tmpb_dim=\dimen111
\c_zero_skip=\skip54
\c_max_skip=\skip55
\l_tmpa_skip=\skip56
\l_tmpb_skip=\skip57
\g_tmpa_skip=\skip58
\g_tmpb_skip=\skip59
\c_zero_muskip=\muskip10
\c_max_muskip=\muskip11
\l_tmpa_muskip=\muskip12
\l_tmpb_muskip=\muskip13
\g_tmpa_muskip=\muskip14
\g_tmpb_muskip=\muskip15
\l_keys_choice_int=\count103
\l__intarray_loop_int=\count104
\c__intarray_sp_dim=\dimen112
\g__intarray_font_int=\count105
\c__fp_leading_shift_int=\count106
\c__fp_middle_shift_int=\count107
\c__fp_trailing_shift_int=\count108
\c__fp_big_leading_shift_int=\count109
\c__fp_big_middle_shift_int=\count110
\c__fp_big_trailing_shift_int=\count111
\c__fp_Bigg_leading_shift_int=\count112
\c__fp_Bigg_middle_shift_int=\count113
\c__fp_Bigg_trailing_shift_int=\count114
\c__kernel_randint_max_int=\count115
\g__fp_array_int=\count116
\l__fp_array_loop_int=\count117
\l__sort_length_int=\count118
\l__sort_min_int=\count119
\l__sort_top_int=\count120
\l__sort_max_int=\count121
\l__sort_true_max_int=\count122
\l__sort_block_int=\count123
\l__sort_begin_int=\count124
\l__sort_end_int=\count125
\l__sort_A_int=\count126
\l__sort_B_int=\count127
\l__sort_C_int=\count128
\l__str_internal_int=\count129
\c__str_replacement_char_int=\count130
\l__tl_analysis_normal_int=\count131
\l__tl_analysis_index_int=\count132
\l__tl_analysis_nesting_int=\count133
\l__tl_analysis_type_int=\count134
\l__regex_internal_a_int=\count135
\l__regex_internal_b_int=\count136
\l__regex_internal_c_int=\count137
\l__regex_balance_int=\count138
\l__regex_group_level_int=\count139
\l__regex_mode_int=\count140
\c__regex_cs_in_class_mode_int=\count141
\c__regex_cs_mode_int=\count142
\l__regex_catcodes_int=\count143
\l__regex_default_catcodes_int=\count144
\c__regex_catcode_D_int=\count145
\c__regex_catcode_S_int=\count146
\c__regex_catcode_L_int=\count147
\c__regex_catcode_O_int=\count148
\c__regex_catcode_A_int=\count149
\c__regex_all_catcodes_int=\count150
\l__regex_show_lines_int=\count151
\l__regex_min_state_int=\count152
\l__regex_max_state_int=\count153
\l__regex_left_state_int=\count154
\l__regex_right_state_int=\count155
\l__regex_capturing_group_int=\count156
\l__regex_min_pos_int=\count157
\l__regex_max_pos_int=\count158
\l__regex_curr_pos_int=\count159
\l__regex_start_pos_int=\count160
\l__regex_success_pos_int=\count161
\l__regex_curr_char_int=\count162
\l__regex_curr_catcode_int=\count163
\l__regex_last_char_int=\count164
\l__regex_case_changed_char_int=\count165
\l__regex_curr_state_int=\count166
\l__regex_step_int=\count167
\l__regex_min_active_int=\count168
\l__regex_max_active_int=\count169
\l__regex_replacement_csnames_int=\count170
\l__regex_match_count_int=\count171
\l__regex_min_submatch_int=\count172
\l__regex_submatch_int=\count173
\l__regex_zeroth_submatch_int=\count174
\g__regex_trace_regex_int=\count175
\c_empty_box=\box30
\l_tmpa_box=\box31
\l_tmpb_box=\box32
\g_tmpa_box=\box33
\g_tmpb_box=\box34
\l__box_top_dim=\dimen113
\l__box_bottom_dim=\dimen114
\l__box_left_dim=\dimen115
\l__box_right_dim=\dimen116
\l__box_top_new_dim=\dimen117
\l__box_bottom_new_dim=\dimen118
\l__box_left_new_dim=\dimen119
\l__box_right_new_dim=\dimen120
\l__box_internal_box=\box35
\l__coffin_internal_box=\box36
\l__coffin_internal_dim=\dimen121
\l__coffin_offset_x_dim=\dimen122
\l__coffin_offset_y_dim=\dimen123
\l__coffin_x_dim=\dimen124
\l__coffin_y_dim=\dimen125
\l__coffin_x_prime_dim=\dimen126
\l__coffin_y_prime_dim=\dimen127
\c_empty_coffin=\box37
\l__coffin_aligned_coffin=\box38
\l__coffin_aligned_internal_coffin=\box39
\l_tmpa_coffin=\box40
\l_tmpb_coffin=\box41
\g_tmpa_coffin=\box42
\g_tmpb_coffin=\box43
\l__coffin_bounding_shift_dim=\dimen128
\l__coffin_left_corner_dim=\dimen129
\l__coffin_right_corner_dim=\dimen130
\l__coffin_bottom_corner_dim=\dimen131
\l__coffin_top_corner_dim=\dimen132
\l__coffin_scaled_total_height_dim=\dimen133
\l__coffin_scaled_width_dim=\dimen134
\c__coffin_empty_coffin=\box44
\l__coffin_display_coffin=\box45
\l__coffin_display_coord_coffin=\box46
\l__coffin_display_pole_coffin=\box47
\l__coffin_display_offset_dim=\dimen135
\l__coffin_display_x_dim=\dimen136
\l__coffin_display_y_dim=\dimen137
\g__file_internal_ior=\read2
\l__seq_internal_a_int=\count176
\l__seq_internal_b_int=\count177
\c__deprecation_minus_one=\count178
)
(/usr/share/texlive/texmf-dist/tex/latex/l3backend/l3backend-pdfmode.def
File: l3backend-pdfmode.def 2019-04-06 v L3 Experimental backend support: PDF m
ode
\l__kernel_color_stack_int=\count179
\l__pdf_internal_box=\box48
))
\AMC@logfile=\write4
\openout4 = `amc-compiled.amc'.

\AMCload@counter=\count180
\AMCid@quest=\count181
\AMCid@check=\count182
\AMCid@etud=\count183
\AMCid@etudstart=\count184
\AMCid@etudfin=\count185
\AMCnum@copies=\count186
\AMCformVSpace=\dimen138
\AMCformHSpace=\dimen139
\AMCinterIrep=\dimen140
\AMCinterBrep=\dimen141
\AMCinterIquest=\dimen142
\AMCinterBquest=\dimen143
\AMCpostOquest=\dimen144
\AMCids@width=\dimen145
\AMCids@height=\dimen146
\AMC@SR=\count187
\AMC@SR@count=\count188
\AMC@SRnum=\count189
\AMC@sti=\count190
\AMC@stil=\count191
\AMCsw@p@=\toks26
\AMC@numerotation=\count192
\AMC@XYspecial=\write5
\AMC@tmpXY=\write6
\AMC@smashbox=\box49
\AMC@smashboxheight=\dimen147
\c@AMC@ncase=\count193
\AMC@boxedrule=\skip60
\AMC@crossrule=\skip61
\AMC@boxeddown=\skip62
\AMC@boxedwidth=\skip63
\AMC@boxedheight=\skip64
\AMC@oval@radius=\skip65
\AMC@outside@sep=\skip66
\AMC@CBtaille=\skip67
\AMCbin@sequence=\toks27
\AMCbin@number=\count194
\AMCbin@ndigits=\count195
\AMCbin@id=\count196
\AMCbin@digit=\count197
\AMCtok@k=\count198
\AMCtok@max=\count199
\AMCtok@size=\count266
\AMC@imax=\count267
\AMCtok@ik=\count268
\AMCloop@k=\count269
\AMCrep@count=\count270
\reponse@cxcix=\toks28
\reponse@cxcviii=\toks29
\reponse@cxcvii=\toks30
\reponse@cxcvi=\toks31
\reponse@cxcv=\toks32
\reponse@cxciv=\toks33
\reponse@cxciii=\toks34
\reponse@cxcii=\toks35
\reponse@cxci=\toks36
\reponse@cxc=\toks37
\reponse@clxxxix=\toks38
\reponse@clxxxviii=\toks39
\reponse@clxxxvii=\toks40
\reponse@clxxxvi=\toks41
\reponse@clxxxv=\toks42
\reponse@clxxxiv=\toks43
\reponse@clxxxiii=\toks44
\reponse@clxxxii=\toks45
\reponse@clxxxi=\toks46
\reponse@clxxx=\toks47
\reponse@clxxix=\toks48
\reponse@clxxviii=\toks49
\reponse@clxxvii=\toks50
\reponse@clxxvi=\toks51
\reponse@clxxv=\toks52
\reponse@clxxiv=\toks53
\reponse@clxxiii=\toks54
\reponse@clxxii=\toks55
\reponse@clxxi=\toks56
\reponse@clxx=\toks57
\reponse@clxix=\toks58
\reponse@clxviii=\toks59
\reponse@clxvii=\toks60
\reponse@clxvi=\toks61
\reponse@clxv=\toks62
\reponse@clxiv=\toks63
\reponse@clxiii=\toks64
\reponse@clxii=\toks65
\reponse@clxi=\toks66
\reponse@clx=\toks67
\reponse@clix=\toks68
\reponse@clviii=\toks69
\reponse@clvii=\toks70
\reponse@clvi=\toks71
\reponse@clv=\toks72
\reponse@cliv=\toks73
\reponse@cliii=\toks74
\reponse@clii=\toks75
\reponse@cli=\toks76
\reponse@cl=\toks77
\reponse@cxlix=\toks78
\reponse@cxlviii=\toks79
\reponse@cxlvii=\toks80
\reponse@cxlvi=\toks81
\reponse@cxlv=\toks82
\reponse@cxliv=\toks83
\reponse@cxliii=\toks84
\reponse@cxlii=\toks85
\reponse@cxli=\toks86
\reponse@cxl=\toks87
\reponse@cxxxix=\toks88
\reponse@cxxxviii=\toks89
\reponse@cxxxvii=\toks90
\reponse@cxxxvi=\toks91
\reponse@cxxxv=\toks92
\reponse@cxxxiv=\toks93
\reponse@cxxxiii=\toks94
\reponse@cxxxii=\toks95
\reponse@cxxxi=\toks96
\reponse@cxxx=\toks97
\reponse@cxxix=\toks98
\reponse@cxxviii=\toks99
\reponse@cxxvii=\toks100
\reponse@cxxvi=\toks101
\reponse@cxxv=\toks102
\reponse@cxxiv=\toks103
\reponse@cxxiii=\toks104
\reponse@cxxii=\toks105
\reponse@cxxi=\toks106
\reponse@cxx=\toks107
\reponse@cxix=\toks108
\reponse@cxviii=\toks109
\reponse@cxvii=\toks110
\reponse@cxvi=\toks111
\reponse@cxv=\toks112
\reponse@cxiv=\toks113
\reponse@cxiii=\toks114
\reponse@cxii=\toks115
\reponse@cxi=\toks116
\reponse@cx=\toks117
\reponse@cix=\toks118
\reponse@cviii=\toks119
\reponse@cvii=\toks120
\reponse@cvi=\toks121
\reponse@cv=\toks122
\reponse@civ=\toks123
\reponse@ciii=\toks124
\reponse@cii=\toks125
\reponse@ci=\toks126
\reponse@c=\toks127
\reponse@xcix=\toks128
\reponse@xcviii=\toks129
\reponse@xcvii=\toks130
\reponse@xcvi=\toks131
\reponse@xcv=\toks132
\reponse@xciv=\toks133
\reponse@xciii=\toks134
\reponse@xcii=\toks135
\reponse@xci=\toks136
\reponse@xc=\toks137
\reponse@lxxxix=\toks138
\reponse@lxxxviii=\toks139
\reponse@lxxxvii=\toks140
\reponse@lxxxvi=\toks141
\reponse@lxxxv=\toks142
\reponse@lxxxiv=\toks143
\reponse@lxxxiii=\toks144
\reponse@lxxxii=\toks145
\reponse@lxxxi=\toks146
\reponse@lxxx=\toks147
\reponse@lxxix=\toks148
\reponse@lxxviii=\toks149
\reponse@lxxvii=\toks150
\reponse@lxxvi=\toks151
\reponse@lxxv=\toks152
\reponse@lxxiv=\toks153
\reponse@lxxiii=\toks154
\reponse@lxxii=\toks155
\reponse@lxxi=\toks156
\reponse@lxx=\toks157
\reponse@lxix=\toks158
\reponse@lxviii=\toks159
\reponse@lxvii=\toks160
\reponse@lxvi=\toks161
\reponse@lxv=\toks162
\reponse@lxiv=\toks163
\reponse@lxiii=\toks164
\reponse@lxii=\toks165
\reponse@lxi=\toks166
\reponse@lx=\toks167
\reponse@lix=\toks168
\reponse@lviii=\toks169
\reponse@lvii=\toks170
\reponse@lvi=\toks171
\reponse@lv=\toks172
\reponse@liv=\toks173
\reponse@liii=\toks174
\reponse@lii=\toks175
\reponse@li=\toks176
\reponse@l=\toks177
\reponse@xlix=\toks178
\reponse@xlviii=\toks179
\reponse@xlvii=\toks180
\reponse@xlvi=\toks181
\reponse@xlv=\toks182
\reponse@xliv=\toks183
\reponse@xliii=\toks184
\reponse@xlii=\toks185
\reponse@xli=\toks186
\reponse@xl=\toks187
\reponse@xxxix=\toks188
\reponse@xxxviii=\toks189
\reponse@xxxvii=\toks190
\reponse@xxxvi=\toks191
\reponse@xxxv=\toks192
\reponse@xxxiv=\toks193
\reponse@xxxiii=\toks194
\reponse@xxxii=\toks195
\reponse@xxxi=\toks196
\reponse@xxx=\toks197
\reponse@xxix=\toks198
\reponse@xxviii=\toks199
\reponse@xxvii=\toks200
\reponse@xxvi=\toks201
\reponse@xxv=\toks202
\reponse@xxiv=\toks203
\reponse@xxiii=\toks204
\reponse@xxii=\toks205
\reponse@xxi=\toks206
\reponse@xx=\toks207
\reponse@xix=\toks208
\reponse@xviii=\toks209
\reponse@xvii=\toks210
\reponse@xvi=\toks211
\reponse@xv=\toks212
\reponse@xiv=\toks213
\reponse@xiii=\toks214
\reponse@xii=\toks215
\reponse@xi=\toks216
\reponse@x=\toks217
\reponse@ix=\toks218
\reponse@viii=\toks219
\reponse@vii=\toks220
\reponse@vi=\toks221
\reponse@v=\toks222
\reponse@iv=\toks223
\reponse@iii=\toks224
\reponse@ii=\toks225
\reponse@i=\toks226
\AMCnum@questions=\count271
\AMCrep@@count=\count272
\amc_memory_elts_count=\count273
\AMChorizAnswerSep=\skip68
\AMChorizBoxSep=\skip69
\AMC@mn@test=\skip70
\AMC@mn@sep=\skip71
\AMC@mn@leftmargin=\skip72
\AMC@mn@rightmargin=\skip73
\AMC@sz@width=\skip74
\AMC@sz@height=\skip75
\AMC@sz@depth=\skip76
\AMC@sza@width=\skip77
\AMC@sza@height=\skip78
\AMC@sza@depth=\skip79
\c@AMCquestionaff=\count274
\ouverte@vs=\dimen148
\AMC@chiffres=\count275
\AMCcodeHspace=\dimen149
\AMCcodeVspace=\dimen150
\amc_code_digit_n_int=\count276
\amc_num_exponent_int=\count277
\amc_todigits_int=\count278
\AMCnumeric@Hspace=\dimen151
\AMCnumeric@Vspace=\dimen152
\amc_num_ndigits_int=\count279
\amc_num_decd_int=\count280
\amc_num_expo_int=\count281
\amc_num_base_int=\count282
\amc_num_exact_int=\count283
\amc_num_approx_int=\count284
\amc_num_first_digit_int=\count285
\amc_num_digit_int=\count286
\amc_num_correct_expo_int=\count287
\AMCopen@Hspace=\dimen153
\AMCopen@LineHeight=\dimen154
\AMCopen@Lines=\count288
\AMCopen@boxmargin=\dimen155
\AMCopen@boxframerule=\dimen156
\AMCopen@framerule=\dimen157
\AMC@addpages=\count289

(/usr/share/texlive/texmf-dist/tex/latex/environ/environ.sty
Package: environ 2014/05/04 v0.3 A new way to define environments

(/usr/share/texlive/texmf-dist/tex/latex/trimspaces/trimspaces.sty
Package: trimspaces 2009/09/17 v1.1 Trim spaces around a token list
)
\@envbody=\toks227
)
(/usr/share/texlive/texmf-dist/tex/latex/etex-pkg/etex.sty
Package: etex 2016/08/01 v2.7 eTeX basic definition package (PEB,DPC)


Package etex Warning: Extended allocation already in use.
(etex)                etex.sty code will not be used.
(etex)                To force etex package to load, add
(etex)                \RequirePackage{etex}
(etex)                at the start of the document.

) ***CORRIGE***
(/usr/share/texlive/texmf-dist/tex/latex/geometry/geometry.sty
Package: geometry 2018/04/16 v5.8 Page Geometry

(/usr/share/texlive/texmf-dist/tex/generic/oberdiek/ifpdf.sty
Package: ifpdf 2018/09/07 v3.3 Provides the ifpdf switch
)
(/usr/share/texlive/texmf-dist/tex/generic/oberdiek/ifvtex.sty
Package: ifvtex 2016/05/16 v1.6 Detect VTeX and its facilities (HO)
Package ifvtex Info: VTeX not detected.
)
(/usr/share/texlive/texmf-dist/tex/generic/ifxetex/ifxetex.sty
Package: ifxetex 2010/09/12 v0.6 Provides ifxetex conditional
)
\Gm@cnth=\count290
\Gm@cntv=\count291
\c@Gm@tempcnt=\count292
\Gm@bindingoffset=\dimen158
\Gm@wd@mp=\dimen159
\Gm@odd@mp=\dimen160
\Gm@even@mp=\dimen161
\Gm@layoutwidth=\dimen162
\Gm@layoutheight=\dimen163
\Gm@layouthoffset=\dimen164
\Gm@layoutvoffset=\dimen165
\Gm@dimlist=\toks228
))
(./amc-compiled.aux)
\openout1 = `amc-compiled.aux'.

LaTeX Font Info:    Checking defaults for OML/cmm/m/it on input line 6.
LaTeX Font Info:    ... okay on input line 6.
LaTeX Font Info:    Checking defaults for T1/cmr/m/n on input line 6.
LaTeX Font Info:    ... okay on input line 6.
LaTeX Font Info:    Checking defaults for OT1/cmr/m/n on input line 6.
LaTeX Font Info:    ... okay on input line 6.
LaTeX Font Info:    Checking defaults for OMS/cmsy/m/n on input line 6.
LaTeX Font Info:    ... okay on input line 6.
LaTeX Font Info:    Checking defaults for OMX/cmex/m/n on input line 6.
LaTeX Font Info:    ... okay on input line 6.
LaTeX Font Info:    Checking defaults for U/cmr/m/n on input line 6.
LaTeX Font Info:    ... okay on input line 6.
 (/usr/share/texlive/texmf-dist/tex/latex/ucs/ucsencs.def
File: ucsencs.def 2011/01/21 Fixes to fontencodings LGR, T3
)
(/usr/share/texlive/texmf-dist/tex/context/base/mkii/supp-pdf.mkii
[Loading MPS to PDF converter (version 2006.09.02).]
\scratchcounter=\count293
\scratchdimen=\dimen166
\scratchbox=\box50
\nofMPsegments=\count294
\nofMParguments=\count295
\everyMPshowfont=\toks229
\MPscratchCnt=\count296
\MPscratchDim=\dimen167
\MPnumerator=\count297
\makeMPintoPDFobject=\count298
\everyMPtoPDFconversion=\toks230
) (/usr/share/texlive/texmf-dist/tex/latex/oberdiek/epstopdf-base.sty
Package: epstopdf-base 2016/05/15 v2.6 Base part for package epstopdf

(/usr/share/texlive/texmf-dist/tex/generic/oberdiek/infwarerr.sty
Package: infwarerr 2016/05/16 v1.4 Providing info/warning/error messages (HO)
)
(/usr/share/texlive/texmf-dist/tex/latex/oberdiek/grfext.sty
Package: grfext 2016/05/16 v1.2 Manage graphics extensions (HO)

(/usr/share/texlive/texmf-dist/tex/generic/oberdiek/kvdefinekeys.sty
Package: kvdefinekeys 2016/05/16 v1.4 Define keys (HO)

(/usr/share/texlive/texmf-dist/tex/generic/oberdiek/ltxcmds.sty
Package: ltxcmds 2016/05/16 v1.23 LaTeX kernel commands for general use (HO)
)))
(/usr/share/texlive/texmf-dist/tex/latex/oberdiek/kvoptions.sty
Package: kvoptions 2016/05/16 v3.12 Key value format for package options (HO)

(/usr/share/texlive/texmf-dist/tex/generic/oberdiek/kvsetkeys.sty
Package: kvsetkeys 2016/05/16 v1.17 Key value parser (HO)

(/usr/share/texlive/texmf-dist/tex/generic/oberdiek/etexcmds.sty
Package: etexcmds 2016/05/16 v1.6 Avoid name clashes with e-TeX commands (HO)

(/usr/share/texlive/texmf-dist/tex/generic/oberdiek/ifluatex.sty
Package: ifluatex 2016/05/16 v1.4 Provides the ifluatex switch (HO)
Package ifluatex Info: LuaTeX not detected.
))))
(/usr/share/texlive/texmf-dist/tex/generic/oberdiek/pdftexcmds.sty
Package: pdftexcmds 2018/09/10 v0.29 Utility functions of pdfTeX for LuaTeX (HO
)
Package pdftexcmds Info: LuaTeX not detected.
Package pdftexcmds Info: \pdf@primitive is available.
Package pdftexcmds Info: \pdf@ifprimitive is available.
Package pdftexcmds Info: \pdfdraftmode found.
)
Package epstopdf-base Info: Redefining graphics rule for `.eps' on input line 4
38.
Package grfext Info: Graphics extension search list:
(grfext)             [.pdf,.png,.jpg,.mps,.jpeg,.jbig2,.jb2,.PDF,.PNG,.JPG,.JPE
G,.JBIG2,.JB2,.eps]
(grfext)             \AppendGraphicsExtensions on input line 456.

(/usr/share/texlive/texmf-dist/tex/latex/latexconfig/epstopdf-sys.cfg
File: epstopdf-sys.cfg 2010/07/13 v1.3 Configuration of (r)epstopdf for TeX Liv
e
))
\AMC@ovalbox@R=\box51
\AMC@ovalbox@RF=\box52
\AMC@ovalbox@=\box53
\AMC@ovalbox@F=\box54

*geometry* driver: auto-detecting
*geometry* detected driver: pdftex
*geometry* verbose mode - [ preamble ] result:
* driver: pdftex
* paper: a4paper
* layout: <same size as paper>
* layoutoffset:(h,v)=(0.0pt,0.0pt)
* modes: 
* h-part:(L,W,R)=(85.35826pt, 426.79135pt, 85.35826pt)
* v-part:(T,H,B)=(99.58464pt, 674.33032pt, 71.13188pt)
* \paperwidth=597.50787pt
* \paperheight=845.04684pt
* \textwidth=426.79135pt
* \textheight=674.33032pt
* \oddsidemargin=13.08827pt
* \evensidemargin=13.08827pt
* \topmargin=-38.12675pt
* \headheight=56.9055pt
* \headsep=8.5359pt
* \topskip=12.0pt
* \footskip=28.45274pt
* \marginparwidth=35.0pt
* \marginparsep=10.0pt
* \columnsep=10.0pt
* \skip\footins=10.8pt plus 4.0pt minus 2.0pt
* \hoffset=0.0pt
* \voffset=0.0pt
* \mag=1000
* \@twocolumnfalse
* \@twosidefalse
* \@mparswitchfalse
* \@reversemarginfalse
* (1in=72.27pt=25.4mm, 1cm=28.453pt)

LaTeX Font Info:    External font `cmex10' loaded for size
(Font)              <12> on input line 15.
LaTeX Font Info:    External font `cmex10' loaded for size
(Font)              <8> on input line 15.
LaTeX Font Info:    External font `cmex10' loaded for size
(Font)              <6> on input line 15.
\general@k=\count299
\AMCgeneral@j=\count300
\general@i=\toks231
\general@ii=\toks232
\general@iii=\toks233

Underfull \hbox (badness 10000) in paragraph at lines 115--115

 []

LaTeX Font Info:    Try loading font information for T1+cmtt on input line 115.

(/usr/share/texlive/texmf-dist/tex/latex/base/t1cmtt.fd
File: t1cmtt.fd 2014/09/29 v2.5h Standard LaTeX font definitions
) [1{/var/lib/texmf/fonts/map/pdftex/updmap/pdftex.map}

] [2

]
Underfull \hbox (badness 10000) in paragraph at lines 115--115

 []

[1


] [2

]
Underfull \hbox (badness 10000) in paragraph at lines 115--115

 []

[1


] [2

]
Underfull \hbox (badness 10000) in paragraph at lines 115--115

 []

[1


] [2

]
Underfull \hbox (badness 10000) in paragraph at lines 115--115

 []

[1


] [2

]
Underfull \hbox (badness 10000) in paragraph at lines 115--115

 []

[1


] [2

]
Underfull \hbox (badness 10000) in paragraph at lines 115--115

 []

[1


] [2

]
Underfull \hbox (badness 10000) in paragraph at lines 115--115

 []

[1


] [2

]
Underfull \hbox (badness 10000) in paragraph at lines 115--115

 []

[1


] [2

]
Underfull \hbox (badness 10000) in paragraph at lines 115--115

 []

[1


] [2

] (./amc-compiled.aux) ) 
Here is how much of TeX's memory you used:
 14369 strings out of 494553
 258576 string characters out of 6177376
 368474 words of memory out of 5000000
 17940 multiletter control sequences out of 15000+600000
 540606 words of font info for 41 fonts, out of 8000000 for 9000
 14 hyphenation exceptions out of 8191
 42i,23n,66p,423b,543s stack positions out of 5000i,500n,10000p,200000b,80000s
 </home/radmir/.texlive2019/texmf-var/fonts/pk/ljfour/j
knappen/ec/eccc1200.600pk> </home/radmir/.texlive2019/texmf-var/fonts/pk/ljfour
/jknappen/ec/ecbx1728.600pk> </home/radmir/.texlive2019/texmf-var/fonts/pk/ljfo
ur/jknappen/ec/ecti1200.600pk> </home/radmir/.texlive2019/texmf-var/fonts/pk/lj
four/jknappen/ec/ecbx1440.600pk> </home/radmir/.texlive2019/texmf-var/fonts/pk/
ljfour/jknappen/ec/ecbx1200.600pk> </home/radmir/.texlive2019/texmf-var/fonts/p
k/ljfour/jknappen/ec/ecrm1200.600pk> </home/radmir/.texlive2019/texmf-var/fonts
/pk/ljfour/jknappen/ec/ectt1200.600pk></usr/share/texlive/texmf-dist/fonts/type
1/public/amsfonts/cm/cmsy10.pfb></usr/share/texlive/texmf-dist/fonts/type1/publ
ic/amsfonts/latxfont/lcircle1.pfb>
Output written on amc-compiled.pdf (20 pages, 119547 bytes).
PDF statistics:
 245 PDF objects out of 1000 (max. 8388607)
 80 compressed objects within 1 object stream
 0 named destinations out of 1000 (max. 500000)
 1 words of extra memory for PDF output out of 10000 (max. 10000000)

